<?xml version="1.0" encoding="UTF-8"?>
<!-- Generated by org.testng.reporters.JUnitXMLReporter -->
<testsuite ignored="1" hostname="Titas-Laptop" failures="0" tests="1" name="Default test" time="37.858" errors="0" timestamp="2024-02-22T16:48:25 MST">
  <testcase classname="com.ws.testcases.Pagetests" name="Testloginfunction" time="37.648"/>
  <testcase classname="com.ws.testcases.Pagetests" name="testHomePageTitle" time="0.0">
    <ignored/>
  </testcase> <!-- testHomePageTitle -->
</testsuite> <!-- Default test -->
