<?xml version="1.0" encoding="UTF-8"?>
<testng-results ignored="1" total="2" passed="1" failed="0" skipped="0">
  <reporter-output>
  </reporter-output>
  <suite started-at="2024-02-22T16:47:47 MST" name="Default suite" finished-at="2024-02-22T16:48:25 MST" duration-ms="37858">
    <groups>
    </groups>
    <test started-at="2024-02-22T16:47:47 MST" name="Default test" finished-at="2024-02-22T16:48:25 MST" duration-ms="37858">
      <class name="com.ws.testcases.Pagetests">
        <test-method signature="Testloginfunction()[pri:0, instance:com.ws.testcases.Pagetests@563f38c4]" started-at="2024-02-22T16:47:47 MST" name="Testloginfunction" finished-at="2024-02-22T16:48:25 MST" duration-ms="37648" status="PASS">
          <reporter-output>
          </reporter-output>
        </test-method> <!-- Testloginfunction -->
      </class> <!-- com.ws.testcases.Pagetests -->
    </test> <!-- Default test -->
  </suite> <!-- Default suite -->
</testng-results>
